2025-07-26 17:22:42,895 === Loading data ===
2025-07-26 17:22:43,018 
Total parameters: 2,245,059
2025-07-26 17:22:43,018 Trainable parameters: 2,245,059
2025-07-26 17:24:03,721 Epoch time: 1.35m 20.70s
2025-07-26 17:24:33,205 Epoch [1/30]  Train Loss: 0.5917  Test Loss: 0.4525  Test Acc: 0.7560  
2025-07-26 17:24:33,205 level2 Precision: 0.9332  Recall: 0.9493 F1-score: 0.9412(Support: 750)
2025-07-26 17:24:33,205 level3 Precision: 0.6108  Recall: 0.7573 F1-score: 0.6762(Support: 750)
2025-07-26 17:24:33,205 level4 Precision: 0.7558  Recall: 0.5613 F1-score: 0.6442(Support: 750)
2025-07-26 17:24:33,243 Best model saved at epoch 1 
2025-07-26 17:25:53,052 Epoch time: 1.33m 19.81s
2025-07-26 17:26:22,782 Epoch [2/30]  Train Loss: 0.4836  Test Loss: 0.4321  Test Acc: 0.7898  
2025-07-26 17:26:22,782 level2 Precision: 0.9942  Recall: 0.9067 F1-score: 0.9484(Support: 750)
2025-07-26 17:26:22,782 level3 Precision: 0.7134  Recall: 0.6173 F1-score: 0.6619(Support: 750)
2025-07-26 17:26:22,782 level4 Precision: 0.6914  Recall: 0.8453 F1-score: 0.7606(Support: 750)
2025-07-26 17:26:22,817 Best model saved at epoch 2 
2025-07-26 17:27:43,394 Epoch time: 1.34m 20.58s
2025-07-26 17:28:13,687 Epoch [3/30]  Train Loss: 0.4657  Test Loss: 0.4719  Test Acc: 0.7569  
2025-07-26 17:28:13,687 level2 Precision: 0.8901  Recall: 0.9507 F1-score: 0.9194(Support: 750)
2025-07-26 17:28:13,687 level3 Precision: 0.6166  Recall: 0.7507 F1-score: 0.6771(Support: 750)
2025-07-26 17:28:13,687 level4 Precision: 0.7966  Recall: 0.5693 F1-score: 0.6641(Support: 750)
2025-07-26 17:29:34,283 Epoch time: 1.34m 20.60s
2025-07-26 17:30:04,457 Epoch [4/30]  Train Loss: 0.4444  Test Loss: 0.4017  Test Acc: 0.7880  
2025-07-26 17:30:04,457 level2 Precision: 0.9749  Recall: 0.9307 F1-score: 0.9523(Support: 750)
2025-07-26 17:30:04,457 level3 Precision: 0.6356  Recall: 0.8533 F1-score: 0.7285(Support: 750)
2025-07-26 17:30:04,457 level4 Precision: 0.8254  Recall: 0.5800 F1-score: 0.6813(Support: 750)
2025-07-26 17:30:04,492 Best model saved at epoch 4 
2025-07-26 17:31:25,173 Epoch time: 1.34m 20.68s
2025-07-26 17:31:55,373 Epoch [5/30]  Train Loss: 0.4323  Test Loss: 0.3591  Test Acc: 0.8151  
2025-07-26 17:31:55,373 level2 Precision: 0.9942  Recall: 0.9160 F1-score: 0.9535(Support: 750)
2025-07-26 17:31:55,373 level3 Precision: 0.7027  Recall: 0.7720 F1-score: 0.7357(Support: 750)
2025-07-26 17:31:55,373 level4 Precision: 0.7728  Recall: 0.7573 F1-score: 0.7650(Support: 750)
2025-07-26 17:31:55,413 Best model saved at epoch 5 
2025-07-26 17:33:15,373 Epoch time: 1.33m 19.96s
2025-07-26 17:33:45,759 Epoch [6/30]  Train Loss: 0.4183  Test Loss: 0.3971  Test Acc: 0.7880  
2025-07-26 17:33:45,760 level2 Precision: 0.8696  Recall: 0.9960 F1-score: 0.9285(Support: 750)
2025-07-26 17:33:45,760 level3 Precision: 0.8387  Recall: 0.4507 F1-score: 0.5863(Support: 750)
2025-07-26 17:33:45,760 level4 Precision: 0.6964  Recall: 0.9173 F1-score: 0.7917(Support: 750)
2025-07-26 17:35:06,154 Epoch time: 1.34m 20.39s
2025-07-26 17:35:35,809 Epoch [7/30]  Train Loss: 0.4093  Test Loss: 0.3876  Test Acc: 0.7978  
2025-07-26 17:35:35,809 level2 Precision: 0.9971  Recall: 0.9147 F1-score: 0.9541(Support: 750)
2025-07-26 17:35:35,809 level3 Precision: 0.8300  Recall: 0.4947 F1-score: 0.6199(Support: 750)
2025-07-26 17:35:35,810 level4 Precision: 0.6619  Recall: 0.9840 F1-score: 0.7914(Support: 750)
2025-07-26 17:36:55,902 Epoch time: 1.33m 20.09s
2025-07-26 17:37:25,435 Epoch [8/30]  Train Loss: 0.4067  Test Loss: 0.3518  Test Acc: 0.8218  
2025-07-26 17:37:25,435 level2 Precision: 0.9442  Recall: 0.9480 F1-score: 0.9461(Support: 750)
2025-07-26 17:37:25,435 level3 Precision: 0.7381  Recall: 0.7213 F1-score: 0.7296(Support: 750)
2025-07-26 17:37:25,435 level4 Precision: 0.7814  Recall: 0.7960 F1-score: 0.7886(Support: 750)
2025-07-26 17:37:25,460 Best model saved at epoch 8 
2025-07-26 17:38:45,444 Epoch time: 1.33m 19.98s
2025-07-26 17:39:15,627 Epoch [9/30]  Train Loss: 0.3941  Test Loss: 0.4068  Test Acc: 0.7871  
2025-07-26 17:39:15,627 level2 Precision: 0.8886  Recall: 0.9680 F1-score: 0.9266(Support: 750)
2025-07-26 17:39:15,627 level3 Precision: 0.6611  Recall: 0.7413 F1-score: 0.6989(Support: 750)
2025-07-26 17:39:15,627 level4 Precision: 0.8260  Recall: 0.6520 F1-score: 0.7288(Support: 750)
2025-07-26 17:40:35,951 Epoch time: 1.34m 20.32s
2025-07-26 17:41:05,960 Epoch [10/30]  Train Loss: 0.3996  Test Loss: 0.3396  Test Acc: 0.8213  
2025-07-26 17:41:05,960 level2 Precision: 0.9350  Recall: 0.9787 F1-score: 0.9564(Support: 750)
2025-07-26 17:41:05,960 level3 Precision: 0.7164  Recall: 0.7680 F1-score: 0.7413(Support: 750)
2025-07-26 17:41:05,960 level4 Precision: 0.8139  Recall: 0.7173 F1-score: 0.7626(Support: 750)
2025-07-26 17:41:05,988 Best model saved at epoch 10 
2025-07-26 17:42:26,171 Epoch time: 1.34m 20.18s
2025-07-26 17:42:56,327 Epoch [11/30]  Train Loss: 0.3908  Test Loss: 0.3304  Test Acc: 0.8400  
2025-07-26 17:42:56,327 level2 Precision: 0.9986  Recall: 0.9267 F1-score: 0.9613(Support: 750)
2025-07-26 17:42:56,327 level3 Precision: 0.7532  Recall: 0.7733 F1-score: 0.7632(Support: 750)
2025-07-26 17:42:56,327 level4 Precision: 0.7844  Recall: 0.8200 F1-score: 0.8018(Support: 750)
2025-07-26 17:42:56,363 Best model saved at epoch 11 
2025-07-26 17:44:16,651 Epoch time: 1.34m 20.29s
2025-07-26 17:44:46,849 Epoch [12/30]  Train Loss: 0.3750  Test Loss: 0.3376  Test Acc: 0.8458  
2025-07-26 17:44:46,849 level2 Precision: 0.9546  Recall: 0.9813 F1-score: 0.9678(Support: 750)
2025-07-26 17:44:46,849 level3 Precision: 0.8364  Recall: 0.6680 F1-score: 0.7428(Support: 750)
2025-07-26 17:44:46,849 level4 Precision: 0.7568  Recall: 0.8880 F1-score: 0.8172(Support: 750)
2025-07-26 17:46:06,975 Epoch time: 1.34m 20.12s
2025-07-26 17:46:36,997 Epoch [13/30]  Train Loss: 0.3724  Test Loss: 0.3515  Test Acc: 0.8267  
2025-07-26 17:46:36,997 level2 Precision: 0.9764  Recall: 0.9360 F1-score: 0.9558(Support: 750)
2025-07-26 17:46:36,997 level3 Precision: 0.7528  Recall: 0.7147 F1-score: 0.7332(Support: 750)
2025-07-26 17:46:36,997 level4 Precision: 0.7595  Recall: 0.8293 F1-score: 0.7929(Support: 750)
2025-07-26 17:47:57,126 Epoch time: 1.34m 20.13s
2025-07-26 17:48:27,261 Epoch [14/30]  Train Loss: 0.3699  Test Loss: 0.3185  Test Acc: 0.8418  
2025-07-26 17:48:27,261 level2 Precision: 0.9535  Recall: 0.9573 F1-score: 0.9554(Support: 750)
2025-07-26 17:48:27,261 level3 Precision: 0.8373  Recall: 0.6520 F1-score: 0.7331(Support: 750)
2025-07-26 17:48:27,261 level4 Precision: 0.7525  Recall: 0.9160 F1-score: 0.8262(Support: 750)
2025-07-26 17:48:27,301 Best model saved at epoch 14 
2025-07-26 17:49:47,280 Epoch time: 1.33m 19.98s
2025-07-26 17:50:17,528 Epoch [15/30]  Train Loss: 0.3667  Test Loss: 0.3398  Test Acc: 0.8324  
2025-07-26 17:50:17,528 level2 Precision: 0.9173  Recall: 0.9613 F1-score: 0.9388(Support: 750)
2025-07-26 17:50:17,528 level3 Precision: 0.8134  Recall: 0.6453 F1-score: 0.7197(Support: 750)
2025-07-26 17:50:17,528 level4 Precision: 0.7687  Recall: 0.8907 F1-score: 0.8252(Support: 750)
2025-07-26 17:51:37,676 Epoch time: 1.34m 20.15s
2025-07-26 17:52:07,550 Epoch [16/30]  Train Loss: 0.3613  Test Loss: 0.3040  Test Acc: 0.8542  
2025-07-26 17:52:07,550 level2 Precision: 0.9719  Recall: 0.9680 F1-score: 0.9699(Support: 750)
2025-07-26 17:52:07,550 level3 Precision: 0.8403  Recall: 0.6947 F1-score: 0.7606(Support: 750)
2025-07-26 17:52:07,550 level4 Precision: 0.7644  Recall: 0.9000 F1-score: 0.8267(Support: 750)
2025-07-26 17:52:07,588 Best model saved at epoch 16 
2025-07-26 17:53:27,633 Epoch time: 1.33m 20.04s
2025-07-26 17:53:57,781 Epoch [17/30]  Train Loss: 0.3535  Test Loss: 0.3312  Test Acc: 0.8502  
2025-07-26 17:53:57,781 level2 Precision: 0.9875  Recall: 0.9453 F1-score: 0.9659(Support: 750)
2025-07-26 17:53:57,781 level3 Precision: 0.7954  Recall: 0.7413 F1-score: 0.7674(Support: 750)
2025-07-26 17:53:57,781 level4 Precision: 0.7779  Recall: 0.8640 F1-score: 0.8187(Support: 750)
2025-07-26 17:55:17,795 Epoch time: 1.33m 20.01s
2025-07-26 17:55:48,040 Epoch [18/30]  Train Loss: 0.3483  Test Loss: 0.3215  Test Acc: 0.8440  
2025-07-26 17:55:48,040 level2 Precision: 0.9986  Recall: 0.9213 F1-score: 0.9584(Support: 750)
2025-07-26 17:55:48,040 level3 Precision: 0.7306  Recall: 0.8427 F1-score: 0.7827(Support: 750)
2025-07-26 17:55:48,041 level4 Precision: 0.8312  Recall: 0.7680 F1-score: 0.7983(Support: 750)
2025-07-26 17:57:08,773 Epoch time: 1.35m 20.73s
2025-07-26 17:57:39,026 Epoch [19/30]  Train Loss: 0.3369  Test Loss: 0.2993  Test Acc: 0.8587  
2025-07-26 17:57:39,026 level2 Precision: 0.9721  Recall: 0.9773 F1-score: 0.9747(Support: 750)
2025-07-26 17:57:39,026 level3 Precision: 0.8418  Recall: 0.7093 F1-score: 0.7699(Support: 750)
2025-07-26 17:57:39,026 level4 Precision: 0.7720  Recall: 0.8893 F1-score: 0.8265(Support: 750)
2025-07-26 17:57:39,057 Best model saved at epoch 19 
2025-07-26 17:58:59,596 Epoch time: 1.34m 20.54s
2025-07-26 17:59:29,641 Epoch [20/30]  Train Loss: 0.3295  Test Loss: 0.3457  Test Acc: 0.8316  
2025-07-26 17:59:29,641 level2 Precision: 0.9282  Recall: 0.9653 F1-score: 0.9464(Support: 750)
2025-07-26 17:59:29,641 level3 Precision: 0.7227  Recall: 0.8027 F1-score: 0.7606(Support: 750)
2025-07-26 17:59:29,641 level4 Precision: 0.8556  Recall: 0.7267 F1-score: 0.7859(Support: 750)
2025-07-26 17:59:29,641 Early stopping triggered at epoch 20
2025-07-26 17:59:34,096 
Confusion Matrix (count):
2025-07-26 17:59:34,096 
[[733  17   0]
 [ 21 532 197]
 [  0  83 667]]
2025-07-26 17:59:34,096 
Confusion Matrix (percentage):
2025-07-26 17:59:34,096 
[[97.73333333  2.26666667  0.        ]
 [ 2.8        70.93333333 26.26666667]
 [ 0.         11.06666667 88.93333333]]
