2025-07-28 10:23:18,396 === Loading data ===
2025-07-28 10:23:18,534 
Total parameters: 11,263,099
2025-07-28 10:23:18,534 Trainable parameters: 11,263,099
2025-07-28 10:25:28,267 Epoch time: 2.16m 9.73s
2025-07-28 10:26:02,039 Epoch [1/30]  Train Loss: 0.5417  Test Loss: 0.5007  Test Acc: 0.7049  
2025-07-28 10:26:02,039 level2 Precision: 0.8287  Recall: 0.9933 F1-score: 0.9036(Support: 750)
2025-07-28 10:26:02,039 level3 Precision: 0.8661  Recall: 0.1467 F1-score: 0.2509(Support: 750)
2025-07-28 10:26:02,039 level4 Precision: 0.5972  Recall: 0.9747 F1-score: 0.7406(Support: 750)
2025-07-28 10:26:02,086 Best model saved at epoch 1 
2025-07-28 10:28:08,454 Epoch time: 2.11m 6.37s
2025-07-28 10:28:41,624 Epoch [2/30]  Train Loss: 0.4631  Test Loss: 0.7512  Test Acc: 0.6382  
2025-07-28 10:28:41,624 level2 Precision: 1.0000  Recall: 0.4627 F1-score: 0.6326(Support: 750)
2025-07-28 10:28:41,624 level3 Precision: 0.5106  Recall: 0.6107 F1-score: 0.5562(Support: 750)
2025-07-28 10:28:41,624 level4 Precision: 0.6272  Recall: 0.8413 F1-score: 0.7187(Support: 750)
2025-07-28 10:30:47,559 Epoch time: 2.10m 5.93s
2025-07-28 10:31:20,789 Epoch [3/30]  Train Loss: 0.4366  Test Loss: 0.4170  Test Acc: 0.7907  
2025-07-28 10:31:20,789 level2 Precision: 1.0000  Recall: 0.9053 F1-score: 0.9503(Support: 750)
2025-07-28 10:31:20,789 level3 Precision: 0.6737  Recall: 0.7213 F1-score: 0.6967(Support: 750)
2025-07-28 10:31:20,789 level4 Precision: 0.7279  Recall: 0.7453 F1-score: 0.7365(Support: 750)
2025-07-28 10:31:20,841 Best model saved at epoch 3 
2025-07-28 10:33:28,005 Epoch time: 2.12m 7.16s
2025-07-28 10:34:01,507 Epoch [4/30]  Train Loss: 0.4251  Test Loss: 0.4120  Test Acc: 0.7813  
2025-07-28 10:34:01,507 level2 Precision: 0.8653  Recall: 0.9933 F1-score: 0.9249(Support: 750)
2025-07-28 10:34:01,509 level3 Precision: 0.7240  Recall: 0.5560 F1-score: 0.6290(Support: 750)
2025-07-28 10:34:01,509 level4 Precision: 0.7331  Recall: 0.7947 F1-score: 0.7626(Support: 750)
2025-07-28 10:34:01,553 Best model saved at epoch 4 
2025-07-28 10:36:08,555 Epoch time: 2.12m 7.00s
2025-07-28 10:36:41,892 Epoch [5/30]  Train Loss: 0.4041  Test Loss: 0.4457  Test Acc: 0.7840  
2025-07-28 10:36:41,892 level2 Precision: 0.9109  Recall: 0.9680 F1-score: 0.9386(Support: 750)
2025-07-28 10:36:41,892 level3 Precision: 0.8775  Recall: 0.4107 F1-score: 0.5595(Support: 750)
2025-07-28 10:36:41,892 level4 Precision: 0.6624  Recall: 0.9733 F1-score: 0.7883(Support: 750)
2025-07-28 10:38:48,794 Epoch time: 2.11m 6.90s
2025-07-28 10:39:22,312 Epoch [6/30]  Train Loss: 0.3932  Test Loss: 0.4115  Test Acc: 0.8080  
2025-07-28 10:39:22,312 level2 Precision: 1.0000  Recall: 0.9053 F1-score: 0.9503(Support: 750)
2025-07-28 10:39:22,312 level3 Precision: 0.7624  Recall: 0.6160 F1-score: 0.6814(Support: 750)
2025-07-28 10:39:22,312 level4 Precision: 0.7016  Recall: 0.9027 F1-score: 0.7895(Support: 750)
2025-07-28 10:39:22,361 Best model saved at epoch 6 
2025-07-28 10:41:29,271 Epoch time: 2.12m 6.91s
2025-07-28 10:42:02,349 Epoch [7/30]  Train Loss: 0.3900  Test Loss: 0.3768  Test Acc: 0.7942  
2025-07-28 10:42:02,349 level2 Precision: 0.9224  Recall: 0.9507 F1-score: 0.9363(Support: 750)
2025-07-28 10:42:02,349 level3 Precision: 0.7595  Recall: 0.5600 F1-score: 0.6447(Support: 750)
2025-07-28 10:42:02,349 level4 Precision: 0.7078  Recall: 0.8720 F1-score: 0.7814(Support: 750)
2025-07-28 10:42:02,401 Best model saved at epoch 7 
2025-07-28 10:44:15,242 Epoch time: 2.21m 12.84s
2025-07-28 10:44:51,809 Epoch [8/30]  Train Loss: 0.3799  Test Loss: 0.3903  Test Acc: 0.8164  
2025-07-28 10:44:51,809 level2 Precision: 0.9144  Recall: 0.9827 F1-score: 0.9473(Support: 750)
2025-07-28 10:44:51,809 level3 Precision: 0.8234  Recall: 0.5720 F1-score: 0.6751(Support: 750)
2025-07-28 10:44:51,809 level4 Precision: 0.7270  Recall: 0.8947 F1-score: 0.8022(Support: 750)
2025-07-28 10:47:10,476 Epoch time: 2.31m 18.67s
2025-07-28 10:47:46,201 Epoch [9/30]  Train Loss: 0.3817  Test Loss: 0.3854  Test Acc: 0.8142  
2025-07-28 10:47:46,201 level2 Precision: 1.0000  Recall: 0.9027 F1-score: 0.9488(Support: 750)
2025-07-28 10:47:46,201 level3 Precision: 0.6770  Recall: 0.8467 F1-score: 0.7524(Support: 750)
2025-07-28 10:47:46,202 level4 Precision: 0.8189  Recall: 0.6933 F1-score: 0.7509(Support: 750)
2025-07-28 10:49:52,308 Epoch time: 2.10m 6.11s
2025-07-28 10:50:25,655 Epoch [10/30]  Train Loss: 0.3758  Test Loss: 0.4065  Test Acc: 0.7720  
2025-07-28 10:50:25,655 level2 Precision: 0.9176  Recall: 0.9800 F1-score: 0.9478(Support: 750)
2025-07-28 10:50:25,655 level3 Precision: 0.6681  Recall: 0.6280 F1-score: 0.6474(Support: 750)
2025-07-28 10:50:25,655 level4 Precision: 0.7137  Recall: 0.7080 F1-score: 0.7108(Support: 750)
2025-07-28 10:52:32,256 Epoch time: 2.11m 6.59s
2025-07-28 10:53:05,397 Epoch [11/30]  Train Loss: 0.3662  Test Loss: 0.3578  Test Acc: 0.8187  
2025-07-28 10:53:05,397 level2 Precision: 0.9668  Recall: 0.9707 F1-score: 0.9687(Support: 750)
2025-07-28 10:53:05,397 level3 Precision: 0.8717  Recall: 0.5347 F1-score: 0.6628(Support: 750)
2025-07-28 10:53:05,397 level4 Precision: 0.6876  Recall: 0.9507 F1-score: 0.7980(Support: 750)
2025-07-28 10:53:05,442 Best model saved at epoch 11 
2025-07-28 10:55:11,841 Epoch time: 2.11m 6.40s
2025-07-28 10:55:45,115 Epoch [12/30]  Train Loss: 0.3636  Test Loss: 0.4944  Test Acc: 0.7742  
2025-07-28 10:55:45,115 level2 Precision: 0.9765  Recall: 0.9413 F1-score: 0.9586(Support: 750)
2025-07-28 10:55:45,115 level3 Precision: 0.6047  Recall: 0.9320 F1-score: 0.7335(Support: 750)
2025-07-28 10:55:45,115 level4 Precision: 0.9084  Recall: 0.4493 F1-score: 0.6012(Support: 750)
2025-07-28 10:57:51,271 Epoch time: 2.10m 6.16s
2025-07-28 10:58:24,685 Epoch [13/30]  Train Loss: 0.3543  Test Loss: 0.3476  Test Acc: 0.8218  
2025-07-28 10:58:24,685 level2 Precision: 0.9262  Recall: 0.9707 F1-score: 0.9479(Support: 750)
2025-07-28 10:58:24,685 level3 Precision: 0.8144  Recall: 0.6027 F1-score: 0.6927(Support: 750)
2025-07-28 10:58:24,685 level4 Precision: 0.7360  Recall: 0.8920 F1-score: 0.8065(Support: 750)
2025-07-28 10:58:24,726 Best model saved at epoch 13 
2025-07-28 11:00:31,025 Epoch time: 2.10m 6.30s
2025-07-28 11:01:04,496 Epoch [14/30]  Train Loss: 0.3459  Test Loss: 0.3396  Test Acc: 0.8449  
2025-07-28 11:01:04,496 level2 Precision: 0.9837  Recall: 0.9680 F1-score: 0.9758(Support: 750)
2025-07-28 11:01:04,496 level3 Precision: 0.7318  Recall: 0.8440 F1-score: 0.7839(Support: 750)
2025-07-28 11:01:04,496 level4 Precision: 0.8377  Recall: 0.7227 F1-score: 0.7759(Support: 750)
2025-07-28 11:01:04,538 Best model saved at epoch 14 
2025-07-28 11:03:11,338 Epoch time: 2.11m 6.80s
2025-07-28 11:03:44,624 Epoch [15/30]  Train Loss: 0.3410  Test Loss: 0.3291  Test Acc: 0.8396  
2025-07-28 11:03:44,624 level2 Precision: 0.9390  Recall: 0.9853 F1-score: 0.9616(Support: 750)
2025-07-28 11:03:44,624 level3 Precision: 0.7569  Recall: 0.7640 F1-score: 0.7605(Support: 750)
2025-07-28 11:03:44,624 level4 Precision: 0.8173  Recall: 0.7693 F1-score: 0.7926(Support: 750)
2025-07-28 11:03:44,667 Best model saved at epoch 15 
2025-07-28 11:05:51,464 Epoch time: 2.11m 6.80s
2025-07-28 11:06:24,475 Epoch [16/30]  Train Loss: 0.3294  Test Loss: 0.3377  Test Acc: 0.8471  
2025-07-28 11:06:24,475 level2 Precision: 0.9654  Recall: 0.9680 F1-score: 0.9667(Support: 750)
2025-07-28 11:06:24,475 level3 Precision: 0.7512  Recall: 0.8093 F1-score: 0.7792(Support: 750)
2025-07-28 11:06:24,475 level4 Precision: 0.8304  Recall: 0.7640 F1-score: 0.7958(Support: 750)
2025-07-28 11:08:32,914 Epoch time: 2.14m 8.43s
2025-07-28 11:09:06,442 Epoch [17/30]  Train Loss: 0.3344  Test Loss: 0.5198  Test Acc: 0.7573  
2025-07-28 11:09:06,442 level2 Precision: 0.8287  Recall: 1.0000 F1-score: 0.9063(Support: 750)
2025-07-28 11:09:06,442 level3 Precision: 0.6111  Recall: 0.7520 F1-score: 0.6742(Support: 750)
2025-07-28 11:09:06,442 level4 Precision: 0.9242  Recall: 0.5200 F1-score: 0.6655(Support: 750)
2025-07-28 11:11:13,495 Epoch time: 2.12m 7.05s
2025-07-28 11:11:46,811 Epoch [18/30]  Train Loss: 0.3219  Test Loss: 0.3488  Test Acc: 0.8258  
2025-07-28 11:11:46,811 level2 Precision: 0.8844  Recall: 1.0000 F1-score: 0.9387(Support: 750)
2025-07-28 11:11:46,811 level3 Precision: 0.7712  Recall: 0.6787 F1-score: 0.7220(Support: 750)
2025-07-28 11:11:46,811 level4 Precision: 0.8073  Recall: 0.7987 F1-score: 0.8029(Support: 750)
2025-07-28 11:13:52,737 Epoch time: 2.10m 5.92s
2025-07-28 11:14:26,017 Epoch [19/30]  Train Loss: 0.3178  Test Loss: 0.2687  Test Acc: 0.8671  
2025-07-28 11:14:26,017 level2 Precision: 0.9416  Recall: 0.9893 F1-score: 0.9649(Support: 750)
2025-07-28 11:14:26,017 level3 Precision: 0.8401  Recall: 0.7427 F1-score: 0.7884(Support: 750)
2025-07-28 11:14:26,017 level4 Precision: 0.8160  Recall: 0.8693 F1-score: 0.8418(Support: 750)
2025-07-28 11:14:26,062 Best model saved at epoch 19 
2025-07-28 11:16:32,391 Epoch time: 2.11m 6.33s
2025-07-28 11:17:05,547 Epoch [20/30]  Train Loss: 0.3171  Test Loss: 0.2990  Test Acc: 0.8502  
2025-07-28 11:17:05,547 level2 Precision: 0.9014  Recall: 1.0000 F1-score: 0.9482(Support: 750)
2025-07-28 11:17:05,547 level3 Precision: 0.8579  Recall: 0.6600 F1-score: 0.7460(Support: 750)
2025-07-28 11:17:05,547 level4 Precision: 0.7943  Recall: 0.8907 F1-score: 0.8397(Support: 750)
2025-07-28 11:17:05,548 Early stopping triggered at epoch 20
2025-07-28 11:17:05,974 
Confusion Matrix (count):
2025-07-28 11:17:05,974 
[[742   8   0]
 [ 46 557 147]
 [  0  98 652]]
2025-07-28 11:17:05,974 
Confusion Matrix (percentage):
2025-07-28 11:17:05,974 
[[98.93333333  1.06666667  0.        ]
 [ 6.13333333 74.26666667 19.6       ]
 [ 0.         13.06666667 86.93333333]]
